#
# A fatal error has been detected by the Java Runtime Environment:
#
#  EXCEPTION_ACCESS_VIOLATION (0xc0000005) at pc=0x00000000677456c2, pid=14324, tid=1948
#
# JRE version: OpenJDK Runtime Environment AdoptOpenJDK-11.0.11+9 (11.0.11+9) (build 11.0.11+9)
# Java VM: OpenJDK 64-Bit Server VM AdoptOpenJDK-11.0.11+9 (11.0.11+9, mixed mode, tiered, compressed oops, g1 gc, windows-amd64)
# Problematic frame:
# C  [sqlite-3.34.0-ce7f613c-9282-4265-9098-ae06f9d272f7-sqlitejdbc.dll+0x56c2]
#
# No core dump will be written. Minidumps are not enabled by default on client versions of Windows
#
# If you would like to submit a bug report, please visit:
#   https://github.com/AdoptOpenJDK/openjdk-support/issues
# The crash happened outside the Java Virtual Machine in native code.
# See problematic frame for where to report the bug.
#

---------------  S U M M A R Y ------------

Command Line: -Dfile.encoding=UTF-8 upnotify_bot.Main

Host: Intel(R) Core(TM) i7-8750H CPU @ 2.20GHz, 12 cores, 15G,  Windows 10 , 64 bit Build 19041 (10.0.19041.928)
Time: Sat May 22 02:22:31 2021 Turkey Standard Time elapsed time: 1.747432 seconds (0d 0h 0m 1s)

---------------  T H R E A D  ---------------

Current thread (0x00000202efb3b800):  JavaThread "pool-3-thread-2" [_thread_in_native, id=1948, stack(0x000000ae4e000000,0x000000ae4e100000)]

Stack: [0x000000ae4e000000,0x000000ae4e100000],  sp=0x000000ae4e0feec8,  free space=1019k
Native frames: (J=compiled Java code, j=interpreted, Vv=VM code, C=native code)
C  [sqlite-3.34.0-ce7f613c-9282-4265-9098-ae06f9d272f7-sqlitejdbc.dll+0x56c2]

Java frames: (J=compiled Java code, j=interpreted, Vv=VM code)
j  org.sqlite.core.NativeDB.column_count(J)I+0
j  org.sqlite.jdbc3.JDBC3Statement.getResultSet()Ljava/sql/ResultSet;+37
j  org.sqlite.jdbc3.JDBC3Statement.executeQuery(Ljava/lang/String;)Ljava/sql/ResultSet;+46
j  utils.DatabaseUtils.retrieveSnapshotFromId(I)Lobjects/Snapshot;+44
j  upnotify_bot.UpnotifyReceiver.run()V+68
j  java.util.concurrent.Executors$RunnableAdapter.call()Ljava/lang/Object;+4 java.base@11.0.11
j  java.util.concurrent.FutureTask.run()V+39 java.base@11.0.11
j  java.util.concurrent.ThreadPoolExecutor.runWorker(Ljava/util/concurrent/ThreadPoolExecutor$Worker;)V+92 java.base@11.0.11
j  java.util.concurrent.ThreadPoolExecutor$Worker.run()V+5 java.base@11.0.11
j  java.lang.Thread.run()V+11 java.base@11.0.11
v  ~StubRoutines::call_stub

siginfo: EXCEPTION_ACCESS_VIOLATION (0xc0000005), reading address 0x00000202f24d3888


Register to memory mapping:

RIP=0x00000000677456c2 sqlite-3.34.0-ce7f613c-9282-4265-9098-ae06f9d272f7-sqlitejdbc.dll
RAX=0x0 is NULL
RBX={method} {0x00000202f23dc080} 'column_count' '(J)I' in 'org/sqlite/core/NativeDB'
RCX=0x00000202f24d37c8 is an unknown value
RDX=0x000000ae4e0fef90 is pointing into the stack for thread: 0x00000202efb3b800
RSP=0x000000ae4e0feec8 is pointing into the stack for thread: 0x00000202efb3b800
RBP=0x000000ae4e0fef60 is pointing into the stack for thread: 0x00000202efb3b800
RSI=0x0000000000000007 is an unknown value
RDI=0x00000202d2649b40 is at code_begin+832 in an Interpreter codelet
invoke return entry points  [0x00000202d2649800, 0x00000202d264a200]  2560 bytes
R8 =0x00000202f24d37c8 is an unknown value
R9 =0x00000202f0bc9b00 points into unknown readable memory: 0x0000000000000000 | 00 00 00 00 00 00 00 00
R10=0x00000202d264ffdd is at code_begin+1469 in an Interpreter codelet
method entry point (kind = native_synchronized)  [0x00000202d264fa20, 0x00000202d26506a0]  3200 bytes
R11=0x0000000000000121 is an unknown value
R12=0x0 is NULL
R13={method} {0x00000202f23dc080} 'column_count' '(J)I' in 'org/sqlite/core/NativeDB'
R14=0x000000ae4e0fef90 is pointing into the stack for thread: 0x00000202efb3b800
R15=0x00000202efb3b800 is a thread


Registers:
RAX=0x0000000000000000, RBX=0x00000202f23dc078, RCX=0x00000202f24d37c8, RDX=0x000000ae4e0fef90
RSP=0x000000ae4e0feec8, RBP=0x000000ae4e0fef60, RSI=0x0000000000000007, RDI=0x00000202d2649b40
R8 =0x00000202f24d37c8, R9 =0x00000202f0bc9b00, R10=0x00000202d264ffdd, R11=0x0000000000000121
R12=0x0000000000000000, R13=0x00000202f23dc078, R14=0x000000ae4e0fef90, R15=0x00000202efb3b800
RIP=0x00000000677456c2, EFLAGS=0x0000000000010202

Top of Stack: (sp=0x000000ae4e0feec8)
0x000000ae4e0feec8:   00000202d265000c 00000202d2649b40
0x000000ae4e0feed8:   00000202d264fd35 00000202efb3b800
0x000000ae4e0feee8:   0000000000000002 000000ae4e0fef60
0x000000ae4e0feef8:   0000000000000007 00000202d264fcdc
0x000000ae4e0fef08:   0000000000000003 0000000711180b58
0x000000ae4e0fef18:   000000ae4e0fef08 00000202f23dc078
0x000000ae4e0fef28:   000000ae4e0fef90 00000202f2432a98
0x000000ae4e0fef38:   0000000000000000 0000000711790af0
0x000000ae4e0fef48:   00000202f23dc078 0000000000000000
0x000000ae4e0fef58:   000000ae4e0fef80 000000ae4e0fefe0
0x000000ae4e0fef68:   00000202d2649b40 0000000000000000
0x000000ae4e0fef78:   00000202d264c2f6 00000202f24d37c8
0x000000ae4e0fef88:   0000000000000000 0000000711180b58
0x000000ae4e0fef98:   000000ae4e0fef98 00000202f243ee7d
0x000000ae4e0fefa8:   000000ae4e0feff8 00000202f2461d48
0x000000ae4e0fefb8:   0000000000000000 00000007113be468 

Instructions: (pc=0x00000000677456c2)
0x00000000677455c2:   0c 66 41 89 50 08 c3 48 8b 41 08 ff c2 83 e2 03
0x00000000677455d2:   48 85 c0 74 17 8a 88 c8 00 00 00 83 e1 fc 09 d1
0x00000000677455e2:   88 88 c8 00 00 00 48 8b 40 10 eb e4 c3 b8 01 00
0x00000000677455f2:   00 00 48 85 c9 74 0c 31 c0 f6 81 c8 00 00 00 03
0x0000000067745602:   0f 95 c0 c3 31 c0 66 83 79 08 00 79 04 0f b6 41
0x0000000067745612:   0b c3 8b 41 08 48 8d 15 42 27 0b 00 83 e0 3f 0f
0x0000000067745622:   b6 04 02 c3 8b 41 08 66 25 01 40 66 3d 01 40 0f
0x0000000067745632:   94 c0 0f b6 c0 c3 8b 41 08 66 c1 e8 06 83 e0 01
0x0000000067745642:   c3 48 8b 01 88 50 0b 66 81 48 08 00 80 c3 48 8b
0x0000000067745652:   41 08 48 8b 40 08 c3 48 8b 01 48 8b 40 28 c3 48
0x0000000067745662:   8b 01 8b 40 08 66 25 01 40 66 3d 01 40 0f 94 c0
0x0000000067745672:   0f b6 c0 c3 4c 8b 41 18 31 c0 4d 85 c0 74 31 49
0x0000000067745682:   8b 80 20 01 00 00 41 89 d0 41 c1 e8 1f 48 85 c0
0x0000000067745692:   74 1e 39 50 04 75 13 44 8b 49 20 44 39 08 74 05
0x00000000677456a2:   45 84 c0 74 05 48 8b 40 08 c3 48 8b 40 18 eb dd
0x00000000677456b2:   c3 48 8b 41 10 8b 40 0c c3 31 c0 48 85 c9 74 07
0x00000000677456c2:   0f b7 81 c0 00 00 00 c3 31 c0 48 85 c9 74 11 48
0x00000000677456d2:   83 b9 a0 00 00 00 00 74 07 0f b7 81 c0 00 00 00
0x00000000677456e2:   c3 31 c0 48 85 c9 74 03 8b 41 20 c3 48 85 c9 74
0x00000000677456f2:   0c 48 8b 89 b0 00 00 00 e9 d2 ec ff ff 31 c0 c3
0x0000000067745702:   31 c0 48 85 c9 74 03 48 8b 01 c3 b8 01 00 00 00
0x0000000067745712:   48 85 c9 74 0c 8a 81 c8 00 00 00 c0 e8 07 0f b6
0x0000000067745722:   c0 c3 31 c0 48 85 c9 74 0c 8a 81 c8 00 00 00 c0
0x0000000067745732:   e8 02 83 e0 03 c3 31 c0 48 85 c9 74 11 81 79 24
0x0000000067745742:   a3 0d f2 2d 75 08 8b 41 34 f7 d0 c1 e8 1f c3 56
0x0000000067745752:   53 48 83 ec 28 48 89 cb 48 8b 49 18 48 89 d6 e8
0x0000000067745762:   8b e5 ff ff 48 85 f6 75 06 48 8b 73 08 eb 04 48
0x0000000067745772:   8b 76 10 48 8b 4b 18 e8 8f e5 ff ff 48 89 f0 48
0x0000000067745782:   83 c4 28 5b 5e c3 31 c0 48 85 c9 74 07 48 8b 81
0x0000000067745792:   f0 00 00 00 c3 31 c0 48 85 c9 74 09 48 83 79 18
0x00000000677457a2:   00 74 02 8b 01 c3 41 54 55 57 56 53 48 83 ec 40
0x00000000677457b2:   48 8d 7c 24 38 4c 8d 64 24 34 48 89 cd 48 89 d6 


Stack slot to memory mapping:
stack at sp + 0 slots: 0x00000202d265000c is at code_begin+1516 in an Interpreter codelet
method entry point (kind = native_synchronized)  [0x00000202d264fa20, 0x00000202d26506a0]  3200 bytes
stack at sp + 1 slots: 0x00000202d2649b40 is at code_begin+832 in an Interpreter codelet
invoke return entry points  [0x00000202d2649800, 0x00000202d264a200]  2560 bytes
stack at sp + 2 slots: 0x00000202d264fd35 is at code_begin+789 in an Interpreter codelet
method entry point (kind = native_synchronized)  [0x00000202d264fa20, 0x00000202d26506a0]  3200 bytes
stack at sp + 3 slots: 0x00000202efb3b800 is a thread
stack at sp + 4 slots: 0x0000000000000002 is an unknown value
stack at sp + 5 slots: 0x000000ae4e0fef60 is pointing into the stack for thread: 0x00000202efb3b800
stack at sp + 6 slots: 0x0000000000000007 is an unknown value
stack at sp + 7 slots: 0x00000202d264fcdc is at code_begin+700 in an Interpreter codelet
method entry point (kind = native_synchronized)  [0x00000202d264fa20, 0x00000202d26506a0]  3200 bytes


---------------  P R O C E S S  ---------------

Threads class SMR info:
_java_thread_list=0x00000202f0323040, length=16, elements={
0x00000202ee05c800, 0x00000202ee05d800, 0x00000202ee96b800, 0x00000202ee96c800,
0x00000202ee970800, 0x00000202ee973800, 0x00000202ee976000, 0x00000202ee925000,
0x00000202eec38000, 0x00000202ef8de800, 0x00000202f0206000, 0x00000202efb3f000,
0x00000202efb3f800, 0x00000202efb3a800, 0x00000202efb3b800, 0x00000202c9f3f000
}

Java Threads: ( => current thread )
  0x00000202ee05c800 JavaThread "Reference Handler" daemon [_thread_blocked, id=4128, stack(0x000000ae4c900000,0x000000ae4ca00000)]
  0x00000202ee05d800 JavaThread "Finalizer" daemon [_thread_blocked, id=9760, stack(0x000000ae4ca00000,0x000000ae4cb00000)]
  0x00000202ee96b800 JavaThread "Signal Dispatcher" daemon [_thread_blocked, id=8484, stack(0x000000ae4cb00000,0x000000ae4cc00000)]
  0x00000202ee96c800 JavaThread "Attach Listener" daemon [_thread_blocked, id=14836, stack(0x000000ae4cc00000,0x000000ae4cd00000)]
  0x00000202ee970800 JavaThread "Service Thread" daemon [_thread_blocked, id=12600, stack(0x000000ae4cd00000,0x000000ae4ce00000)]
  0x00000202ee973800 JavaThread "C2 CompilerThread0" daemon [_thread_blocked, id=14692, stack(0x000000ae4ce00000,0x000000ae4cf00000)]
  0x00000202ee976000 JavaThread "C1 CompilerThread0" daemon [_thread_blocked, id=13280, stack(0x000000ae4cf00000,0x000000ae4d000000)]
  0x00000202ee925000 JavaThread "Sweeper thread" daemon [_thread_blocked, id=15048, stack(0x000000ae4d000000,0x000000ae4d100000)]
  0x00000202eec38000 JavaThread "Common-Cleaner" daemon [_thread_blocked, id=4156, stack(0x000000ae4d200000,0x000000ae4d300000)]
  0x00000202ef8de800 JavaThread "C2 CompilerThread1" daemon [_thread_in_native, id=13336, stack(0x000000ae4d400000,0x000000ae4d500000)]
  0x00000202f0206000 JavaThread "C2 CompilerThread2" daemon [_thread_blocked, id=13500, stack(0x000000ae4da00000,0x000000ae4db00000)]
  0x00000202efb3f000 JavaThread "upnotify_bot Telegram Connection" [_thread_in_native, id=13748, stack(0x000000ae4dd00000,0x000000ae4de00000)]
  0x00000202efb3f800 JavaThread "upnotify_bot Telegram Executor" [_thread_blocked, id=10660, stack(0x000000ae4de00000,0x000000ae4df00000)]
  0x00000202efb3a800 JavaThread "pool-3-thread-1" [_thread_blocked, id=15248, stack(0x000000ae4df00000,0x000000ae4e000000)]
=>0x00000202efb3b800 JavaThread "pool-3-thread-2" [_thread_in_native, id=1948, stack(0x000000ae4e000000,0x000000ae4e100000)]
  0x00000202c9f3f000 JavaThread "DestroyJavaVM" [_thread_blocked, id=12056, stack(0x000000ae4c200000,0x000000ae4c300000)]

Other Threads:
  0x00000202ee059000 VMThread "VM Thread" [stack: 0x000000ae4c800000,0x000000ae4c900000] [id=4888]
  0x00000202eec2f800 WatcherThread [stack: 0x000000ae4d100000,0x000000ae4d200000] [id=15000]
  0x00000202c9f57800 GCTaskThread "GC Thread#0" [stack: 0x000000ae4c300000,0x000000ae4c400000] [id=8056]
  0x00000202efa23800 GCTaskThread "GC Thread#1" [stack: 0x000000ae4d500000,0x000000ae4d600000] [id=11448]
  0x00000202efca8800 GCTaskThread "GC Thread#2" [stack: 0x000000ae4d600000,0x000000ae4d700000] [id=14952]
  0x00000202ef723800 GCTaskThread "GC Thread#3" [stack: 0x000000ae4d700000,0x000000ae4d800000] [id=13584]
  0x00000202ef724000 GCTaskThread "GC Thread#4" [stack: 0x000000ae4d800000,0x000000ae4d900000] [id=8792]
  0x00000202efb31000 GCTaskThread "GC Thread#5" [stack: 0x000000ae4d900000,0x000000ae4da00000] [id=10156]
  0x00000202c9fb4000 ConcurrentGCThread "G1 Main Marker" [stack: 0x000000ae4c400000,0x000000ae4c500000] [id=10348]
  0x00000202c9fb8000 ConcurrentGCThread "G1 Conc#0" [stack: 0x000000ae4c500000,0x000000ae4c600000] [id=15140]
  0x00000202eff0d800 ConcurrentGCThread "G1 Conc#1" [stack: 0x000000ae4db00000,0x000000ae4dc00000] [id=2496]
  0x00000202efac9800 ConcurrentGCThread "G1 Conc#2" [stack: 0x000000ae4dc00000,0x000000ae4dd00000] [id=15064]
  0x00000202edf3a000 ConcurrentGCThread "G1 Refine#0" [stack: 0x000000ae4c600000,0x000000ae4c700000] [id=13412]
  0x00000202edf3c000 ConcurrentGCThread "G1 Young RemSet Sampling" [stack: 0x000000ae4c700000,0x000000ae4c800000] [id=15028]

Threads with active compile tasks:
C2 CompilerThread1   1796 1713       4       sun.security.util.AbstractAlgorithmConstraints::checkAlgorithm (140 bytes)

VM state:not at safepoint (normal execution)

VM Mutex/Monitor currently owned by a thread: None

Heap address: 0x0000000701e00000, size: 4066 MB, Compressed Oops mode: Zero based, Oop shift amount: 3
Narrow klass base: 0x0000000800000000, Narrow klass shift: 0
Compressed class space size: 1073741824 Address: 0x0000000800000000

Heap:
 garbage-first heap   total 262144K, used 19800K [0x0000000701e00000, 0x0000000800000000)
  region size 1024K, 14 young (14336K), 3 survivors (3072K)
 Metaspace       used 22538K, capacity 22840K, committed 23040K, reserved 1069056K
  class space    used 2361K, capacity 2468K, committed 2560K, reserved 1048576K
Heap Regions: E=young(eden), S=young(survivor), O=old, HS=humongous(starts), HC=humongous(continues), CS=collection set, F=free, A=archive, TAMS=top-at-mark-start (previous, next)
|   0|0x0000000701e00000, 0x0000000701f00000, 0x0000000701f00000|100%| O|  |TAMS 0x0000000701f00000, 0x0000000701e00000| Untracked 
|   1|0x0000000701f00000, 0x0000000702000000, 0x0000000702000000|100%| O|  |TAMS 0x0000000702000000, 0x0000000701f00000| Untracked 
|   2|0x0000000702000000, 0x0000000702100000, 0x0000000702100000|100%| O|  |TAMS 0x0000000702100000, 0x0000000702000000| Untracked 
|   3|0x0000000702100000, 0x0000000702200000, 0x0000000702200000|100%| O|  |TAMS 0x0000000702200000, 0x0000000702100000| Untracked 
|   4|0x0000000702200000, 0x0000000702300000, 0x0000000702300000|100%| O|  |TAMS 0x0000000702300000, 0x0000000702200000| Untracked 
|   5|0x0000000702300000, 0x0000000702400000, 0x0000000702400000|100%| O|  |TAMS 0x0000000702400000, 0x0000000702300000| Untracked 
|   6|0x0000000702400000, 0x0000000702466a00, 0x0000000702500000| 40%| O|  |TAMS 0x0000000702466a00, 0x0000000702400000| Untracked 
|   7|0x0000000702500000, 0x0000000702500000, 0x0000000702600000|  0%| F|  |TAMS 0x0000000702500000, 0x0000000702500000| Untracked 
|   8|0x0000000702600000, 0x0000000702600000, 0x0000000702700000|  0%| F|  |TAMS 0x0000000702600000, 0x0000000702600000| Untracked 
|   9|0x0000000702700000, 0x0000000702700000, 0x0000000702800000|  0%| F|  |TAMS 0x0000000702700000, 0x0000000702700000| Untracked 
|  10|0x0000000702800000, 0x0000000702800000, 0x0000000702900000|  0%| F|  |TAMS 0x0000000702800000, 0x0000000702800000| Untracked 
|  11|0x0000000702900000, 0x0000000702900000, 0x0000000702a00000|  0%| F|  |TAMS 0x0000000702900000, 0x0000000702900000| Untracked 
|  12|0x0000000702a00000, 0x0000000702a00000, 0x0000000702b00000|  0%| F|  |TAMS 0x0000000702a00000, 0x0000000702a00000| Untracked 
|  13|0x0000000702b00000, 0x0000000702b00000, 0x0000000702c00000|  0%| F|  |TAMS 0x0000000702b00000, 0x0000000702b00000| Untracked 
|  14|0x0000000702c00000, 0x0000000702c00000, 0x0000000702d00000|  0%| F|  |TAMS 0x0000000702c00000, 0x0000000702c00000| Untracked 
|  15|0x0000000702d00000, 0x0000000702d00000, 0x0000000702e00000|  0%| F|  |TAMS 0x0000000702d00000, 0x0000000702d00000| Untracked 
|  16|0x0000000702e00000, 0x0000000702e00000, 0x0000000702f00000|  0%| F|  |TAMS 0x0000000702e00000, 0x0000000702e00000| Untracked 
|  17|0x0000000702f00000, 0x0000000702f00000, 0x0000000703000000|  0%| F|  |TAMS 0x0000000702f00000, 0x0000000702f00000| Untracked 
|  18|0x0000000703000000, 0x0000000703000000, 0x0000000703100000|  0%| F|  |TAMS 0x0000000703000000, 0x0000000703000000| Untracked 
|  19|0x0000000703100000, 0x0000000703100000, 0x0000000703200000|  0%| F|  |TAMS 0x0000000703100000, 0x0000000703100000| Untracked 
|  20|0x0000000703200000, 0x0000000703200000, 0x0000000703300000|  0%| F|  |TAMS 0x0000000703200000, 0x0000000703200000| Untracked 
|  21|0x0000000703300000, 0x0000000703300000, 0x0000000703400000|  0%| F|  |TAMS 0x0000000703300000, 0x0000000703300000| Untracked 
|  22|0x0000000703400000, 0x0000000703400000, 0x0000000703500000|  0%| F|  |TAMS 0x0000000703400000, 0x0000000703400000| Untracked 
|  23|0x0000000703500000, 0x0000000703500000, 0x0000000703600000|  0%| F|  |TAMS 0x0000000703500000, 0x0000000703500000| Untracked 
|  24|0x0000000703600000, 0x0000000703600000, 0x0000000703700000|  0%| F|  |TAMS 0x0000000703600000, 0x0000000703600000| Untracked 
|  25|0x0000000703700000, 0x0000000703700000, 0x0000000703800000|  0%| F|  |TAMS 0x0000000703700000, 0x0000000703700000| Untracked 
|  26|0x0000000703800000, 0x0000000703800000, 0x0000000703900000|  0%| F|  |TAMS 0x0000000703800000, 0x0000000703800000| Untracked 
|  27|0x0000000703900000, 0x0000000703900000, 0x0000000703a00000|  0%| F|  |TAMS 0x0000000703900000, 0x0000000703900000| Untracked 
|  28|0x0000000703a00000, 0x0000000703a00000, 0x0000000703b00000|  0%| F|  |TAMS 0x0000000703a00000, 0x0000000703a00000| Untracked 
|  29|0x0000000703b00000, 0x0000000703b00000, 0x0000000703c00000|  0%| F|  |TAMS 0x0000000703b00000, 0x0000000703b00000| Untracked 
|  30|0x0000000703c00000, 0x0000000703c00000, 0x0000000703d00000|  0%| F|  |TAMS 0x0000000703c00000, 0x0000000703c00000| Untracked 
|  31|0x0000000703d00000, 0x0000000703d00000, 0x0000000703e00000|  0%| F|  |TAMS 0x0000000703d00000, 0x0000000703d00000| Untracked 
|  32|0x0000000703e00000, 0x0000000703e00000, 0x0000000703f00000|  0%| F|  |TAMS 0x0000000703e00000, 0x0000000703e00000| Untracked 
|  33|0x0000000703f00000, 0x0000000703f00000, 0x0000000704000000|  0%| F|  |TAMS 0x0000000703f00000, 0x0000000703f00000| Untracked 
|  34|0x0000000704000000, 0x0000000704000000, 0x0000000704100000|  0%| F|  |TAMS 0x0000000704000000, 0x0000000704000000| Untracked 
|  35|0x0000000704100000, 0x0000000704100000, 0x0000000704200000|  0%| F|  |TAMS 0x0000000704100000, 0x0000000704100000| Untracked 
|  36|0x0000000704200000, 0x0000000704200000, 0x0000000704300000|  0%| F|  |TAMS 0x0000000704200000, 0x0000000704200000| Untracked 
|  37|0x0000000704300000, 0x0000000704300000, 0x0000000704400000|  0%| F|  |TAMS 0x0000000704300000, 0x0000000704300000| Untracked 
|  38|0x0000000704400000, 0x0000000704400000, 0x0000000704500000|  0%| F|  |TAMS 0x0000000704400000, 0x0000000704400000| Untracked 
|  39|0x0000000704500000, 0x0000000704500000, 0x0000000704600000|  0%| F|  |TAMS 0x0000000704500000, 0x0000000704500000| Untracked 
|  40|0x0000000704600000, 0x0000000704600000, 0x0000000704700000|  0%| F|  |TAMS 0x0000000704600000, 0x0000000704600000| Untracked 
|  41|0x0000000704700000, 0x0000000704700000, 0x0000000704800000|  0%| F|  |TAMS 0x0000000704700000, 0x0000000704700000| Untracked 
|  42|0x0000000704800000, 0x0000000704800000, 0x0000000704900000|  0%| F|  |TAMS 0x0000000704800000, 0x0000000704800000| Untracked 
|  43|0x0000000704900000, 0x0000000704900000, 0x0000000704a00000|  0%| F|  |TAMS 0x0000000704900000, 0x0000000704900000| Untracked 
|  44|0x0000000704a00000, 0x0000000704a00000, 0x0000000704b00000|  0%| F|  |TAMS 0x0000000704a00000, 0x0000000704a00000| Untracked 
|  45|0x0000000704b00000, 0x0000000704b00000, 0x0000000704c00000|  0%| F|  |TAMS 0x0000000704b00000, 0x0000000704b00000| Untracked 
|  46|0x0000000704c00000, 0x0000000704c00000, 0x0000000704d00000|  0%| F|  |TAMS 0x0000000704c00000, 0x0000000704c00000| Untracked 
|  47|0x0000000704d00000, 0x0000000704d00000, 0x0000000704e00000|  0%| F|  |TAMS 0x0000000704d00000, 0x0000000704d00000| Untracked 
|  48|0x0000000704e00000, 0x0000000704e00000, 0x0000000704f00000|  0%| F|  |TAMS 0x0000000704e00000, 0x0000000704e00000| Untracked 
|  49|0x0000000704f00000, 0x0000000704f00000, 0x0000000705000000|  0%| F|  |TAMS 0x0000000704f00000, 0x0000000704f00000| Untracked 
|  50|0x0000000705000000, 0x0000000705000000, 0x0000000705100000|  0%| F|  |TAMS 0x0000000705000000, 0x0000000705000000| Untracked 
|  51|0x0000000705100000, 0x0000000705100000, 0x0000000705200000|  0%| F|  |TAMS 0x0000000705100000, 0x0000000705100000| Untracked 
|  52|0x0000000705200000, 0x0000000705200000, 0x0000000705300000|  0%| F|  |TAMS 0x0000000705200000, 0x0000000705200000| Untracked 
|  53|0x0000000705300000, 0x0000000705300000, 0x0000000705400000|  0%| F|  |TAMS 0x0000000705300000, 0x0000000705300000| Untracked 
|  54|0x0000000705400000, 0x0000000705400000, 0x0000000705500000|  0%| F|  |TAMS 0x0000000705400000, 0x0000000705400000| Untracked 
|  55|0x0000000705500000, 0x0000000705500000, 0x0000000705600000|  0%| F|  |TAMS 0x0000000705500000, 0x0000000705500000| Untracked 
|  56|0x0000000705600000, 0x0000000705600000, 0x0000000705700000|  0%| F|  |TAMS 0x0000000705600000, 0x0000000705600000| Untracked 
|  57|0x0000000705700000, 0x0000000705700000, 0x0000000705800000|  0%| F|  |TAMS 0x0000000705700000, 0x0000000705700000| Untracked 
|  58|0x0000000705800000, 0x0000000705800000, 0x0000000705900000|  0%| F|  |TAMS 0x0000000705800000, 0x0000000705800000| Untracked 
|  59|0x0000000705900000, 0x0000000705900000, 0x0000000705a00000|  0%| F|  |TAMS 0x0000000705900000, 0x0000000705900000| Untracked 
|  60|0x0000000705a00000, 0x0000000705a00000, 0x0000000705b00000|  0%| F|  |TAMS 0x0000000705a00000, 0x0000000705a00000| Untracked 
|  61|0x0000000705b00000, 0x0000000705b00000, 0x0000000705c00000|  0%| F|  |TAMS 0x0000000705b00000, 0x0000000705b00000| Untracked 
|  62|0x0000000705c00000, 0x0000000705c00000, 0x0000000705d00000|  0%| F|  |TAMS 0x0000000705c00000, 0x0000000705c00000| Untracked 
|  63|0x0000000705d00000, 0x0000000705d00000, 0x0000000705e00000|  0%| F|  |TAMS 0x0000000705d00000, 0x0000000705d00000| Untracked 
|  64|0x0000000705e00000, 0x0000000705e00000, 0x0000000705f00000|  0%| F|  |TAMS 0x0000000705e00000, 0x0000000705e00000| Untracked 
|  65|0x0000000705f00000, 0x0000000705f00000, 0x0000000706000000|  0%| F|  |TAMS 0x0000000705f00000, 0x0000000705f00000| Untracked 
|  66|0x0000000706000000, 0x0000000706000000, 0x0000000706100000|  0%| F|  |TAMS 0x0000000706000000, 0x0000000706000000| Untracked 
|  67|0x0000000706100000, 0x0000000706100000, 0x0000000706200000|  0%| F|  |TAMS 0x0000000706100000, 0x0000000706100000| Untracked 
|  68|0x0000000706200000, 0x0000000706200000, 0x0000000706300000|  0%| F|  |TAMS 0x0000000706200000, 0x0000000706200000| Untracked 
|  69|0x0000000706300000, 0x0000000706300000, 0x0000000706400000|  0%| F|  |TAMS 0x0000000706300000, 0x0000000706300000| Untracked 
|  70|0x0000000706400000, 0x0000000706400000, 0x0000000706500000|  0%| F|  |TAMS 0x0000000706400000, 0x0000000706400000| Untracked 
|  71|0x0000000706500000, 0x0000000706500000, 0x0000000706600000|  0%| F|  |TAMS 0x0000000706500000, 0x0000000706500000| Untracked 
|  72|0x0000000706600000, 0x0000000706600000, 0x0000000706700000|  0%| F|  |TAMS 0x0000000706600000, 0x0000000706600000| Untracked 
|  73|0x0000000706700000, 0x0000000706700000, 0x0000000706800000|  0%| F|  |TAMS 0x0000000706700000, 0x0000000706700000| Untracked 
|  74|0x0000000706800000, 0x0000000706800000, 0x0000000706900000|  0%| F|  |TAMS 0x0000000706800000, 0x0000000706800000| Untracked 
|  75|0x0000000706900000, 0x0000000706900000, 0x0000000706a00000|  0%| F|  |TAMS 0x0000000706900000, 0x0000000706900000| Untracked 
|  76|0x0000000706a00000, 0x0000000706a00000, 0x0000000706b00000|  0%| F|  |TAMS 0x0000000706a00000, 0x0000000706a00000| Untracked 
|  77|0x0000000706b00000, 0x0000000706b00000, 0x0000000706c00000|  0%| F|  |TAMS 0x0000000706b00000, 0x0000000706b00000| Untracked 
|  78|0x0000000706c00000, 0x0000000706c00000, 0x0000000706d00000|  0%| F|  |TAMS 0x0000000706c00000, 0x0000000706c00000| Untracked 
|  79|0x0000000706d00000, 0x0000000706d00000, 0x0000000706e00000|  0%| F|  |TAMS 0x0000000706d00000, 0x0000000706d00000| Untracked 
|  80|0x0000000706e00000, 0x0000000706e00000, 0x0000000706f00000|  0%| F|  |TAMS 0x0000000706e00000, 0x0000000706e00000| Untracked 
|  81|0x0000000706f00000, 0x0000000706f00000, 0x0000000707000000|  0%| F|  |TAMS 0x0000000706f00000, 0x0000000706f00000| Untracked 
|  82|0x0000000707000000, 0x0000000707000000, 0x0000000707100000|  0%| F|  |TAMS 0x0000000707000000, 0x0000000707000000| Untracked 
|  83|0x0000000707100000, 0x0000000707100000, 0x0000000707200000|  0%| F|  |TAMS 0x0000000707100000, 0x0000000707100000| Untracked 
|  84|0x0000000707200000, 0x0000000707200000, 0x0000000707300000|  0%| F|  |TAMS 0x0000000707200000, 0x0000000707200000| Untracked 
|  85|0x0000000707300000, 0x0000000707300000, 0x0000000707400000|  0%| F|  |TAMS 0x0000000707300000, 0x0000000707300000| Untracked 
|  86|0x0000000707400000, 0x0000000707400000, 0x0000000707500000|  0%| F|  |TAMS 0x0000000707400000, 0x0000000707400000| Untracked 
|  87|0x0000000707500000, 0x0000000707500000, 0x0000000707600000|  0%| F|  |TAMS 0x0000000707500000, 0x0000000707500000| Untracked 
|  88|0x0000000707600000, 0x0000000707600000, 0x0000000707700000|  0%| F|  |TAMS 0x0000000707600000, 0x0000000707600000| Untracked 
|  89|0x0000000707700000, 0x0000000707700000, 0x0000000707800000|  0%| F|  |TAMS 0x0000000707700000, 0x0000000707700000| Untracked 
|  90|0x0000000707800000, 0x0000000707800000, 0x0000000707900000|  0%| F|  |TAMS 0x0000000707800000, 0x0000000707800000| Untracked 
|  91|0x0000000707900000, 0x0000000707900000, 0x0000000707a00000|  0%| F|  |TAMS 0x0000000707900000, 0x0000000707900000| Untracked 
|  92|0x0000000707a00000, 0x0000000707a00000, 0x0000000707b00000|  0%| F|  |TAMS 0x0000000707a00000, 0x0000000707a00000| Untracked 
|  93|0x0000000707b00000, 0x0000000707b00000, 0x0000000707c00000|  0%| F|  |TAMS 0x0000000707b00000, 0x0000000707b00000| Untracked 
|  94|0x0000000707c00000, 0x0000000707c00000, 0x0000000707d00000|  0%| F|  |TAMS 0x0000000707c00000, 0x0000000707c00000| Untracked 
|  95|0x0000000707d00000, 0x0000000707d00000, 0x0000000707e00000|  0%| F|  |TAMS 0x0000000707d00000, 0x0000000707d00000| Untracked 
|  96|0x0000000707e00000, 0x0000000707e00000, 0x0000000707f00000|  0%| F|  |TAMS 0x0000000707e00000, 0x0000000707e00000| Untracked 
|  97|0x0000000707f00000, 0x0000000707f00000, 0x0000000708000000|  0%| F|  |TAMS 0x0000000707f00000, 0x0000000707f00000| Untracked 
|  98|0x0000000708000000, 0x0000000708000000, 0x0000000708100000|  0%| F|  |TAMS 0x0000000708000000, 0x0000000708000000| Untracked 
|  99|0x0000000708100000, 0x0000000708100000, 0x0000000708200000|  0%| F|  |TAMS 0x0000000708100000, 0x0000000708100000| Untracked 
| 100|0x0000000708200000, 0x0000000708200000, 0x0000000708300000|  0%| F|  |TAMS 0x0000000708200000, 0x0000000708200000| Untracked 
| 101|0x0000000708300000, 0x0000000708300000, 0x0000000708400000|  0%| F|  |TAMS 0x0000000708300000, 0x0000000708300000| Untracked 
| 102|0x0000000708400000, 0x0000000708400000, 0x0000000708500000|  0%| F|  |TAMS 0x0000000708400000, 0x0000000708400000| Untracked 
| 103|0x0000000708500000, 0x0000000708500000, 0x0000000708600000|  0%| F|  |TAMS 0x0000000708500000, 0x0000000708500000| Untracked 
| 104|0x0000000708600000, 0x0000000708600000, 0x0000000708700000|  0%| F|  |TAMS 0x0000000708600000, 0x0000000708600000| Untracked 
| 105|0x0000000708700000, 0x0000000708700000, 0x0000000708800000|  0%| F|  |TAMS 0x0000000708700000, 0x0000000708700000| Untracked 
| 106|0x0000000708800000, 0x0000000708800000, 0x0000000708900000|  0%| F|  |TAMS 0x0000000708800000, 0x0000000708800000| Untracked 
| 107|0x0000000708900000, 0x0000000708900000, 0x0000000708a00000|  0%| F|  |TAMS 0x0000000708900000, 0x0000000708900000| Untracked 
| 108|0x0000000708a00000, 0x0000000708a00000, 0x0000000708b00000|  0%| F|  |TAMS 0x0000000708a00000, 0x0000000708a00000| Untracked 
| 109|0x0000000708b00000, 0x0000000708b00000, 0x0000000708c00000|  0%| F|  |TAMS 0x0000000708b00000, 0x0000000708b00000| Untracked 
| 110|0x0000000708c00000, 0x0000000708c00000, 0x0000000708d00000|  0%| F|  |TAMS 0x0000000708c00000, 0x0000000708c00000| Untracked 
| 111|0x0000000708d00000, 0x0000000708d00000, 0x0000000708e00000|  0%| F|  |TAMS 0x0000000708d00000, 0x0000000708d00000| Untracked 
| 112|0x0000000708e00000, 0x0000000708e00000, 0x0000000708f00000|  0%| F|  |TAMS 0x0000000708e00000, 0x0000000708e00000| Untracked 
| 113|0x0000000708f00000, 0x0000000708f00000, 0x0000000709000000|  0%| F|  |TAMS 0x0000000708f00000, 0x0000000708f00000| Untracked 
| 114|0x0000000709000000, 0x0000000709000000, 0x0000000709100000|  0%| F|  |TAMS 0x0000000709000000, 0x0000000709000000| Untracked 
| 115|0x0000000709100000, 0x0000000709100000, 0x0000000709200000|  0%| F|  |TAMS 0x0000000709100000, 0x0000000709100000| Untracked 
| 116|0x0000000709200000, 0x0000000709200000, 0x0000000709300000|  0%| F|  |TAMS 0x0000000709200000, 0x0000000709200000| Untracked 
| 117|0x0000000709300000, 0x0000000709300000, 0x0000000709400000|  0%| F|  |TAMS 0x0000000709300000, 0x0000000709300000| Untracked 
| 118|0x0000000709400000, 0x0000000709400000, 0x0000000709500000|  0%| F|  |TAMS 0x0000000709400000, 0x0000000709400000| Untracked 
| 119|0x0000000709500000, 0x0000000709500000, 0x0000000709600000|  0%| F|  |TAMS 0x0000000709500000, 0x0000000709500000| Untracked 
| 120|0x0000000709600000, 0x0000000709600000, 0x0000000709700000|  0%| F|  |TAMS 0x0000000709600000, 0x0000000709600000| Untracked 
| 121|0x0000000709700000, 0x0000000709700000, 0x0000000709800000|  0%| F|  |TAMS 0x0000000709700000, 0x0000000709700000| Untracked 
| 122|0x0000000709800000, 0x0000000709800000, 0x0000000709900000|  0%| F|  |TAMS 0x0000000709800000, 0x0000000709800000| Untracked 
| 123|0x0000000709900000, 0x0000000709900000, 0x0000000709a00000|  0%| F|  |TAMS 0x0000000709900000, 0x0000000709900000| Untracked 
| 124|0x0000000709a00000, 0x0000000709a00000, 0x0000000709b00000|  0%| F|  |TAMS 0x0000000709a00000, 0x0000000709a00000| Untracked 
| 125|0x0000000709b00000, 0x0000000709b00000, 0x0000000709c00000|  0%| F|  |TAMS 0x0000000709b00000, 0x0000000709b00000| Untracked 
| 126|0x0000000709c00000, 0x0000000709c00000, 0x0000000709d00000|  0%| F|  |TAMS 0x0000000709c00000, 0x0000000709c00000| Untracked 
| 127|0x0000000709d00000, 0x0000000709d00000, 0x0000000709e00000|  0%| F|  |TAMS 0x0000000709d00000, 0x0000000709d00000| Untracked 
| 128|0x0000000709e00000, 0x0000000709e00000, 0x0000000709f00000|  0%| F|  |TAMS 0x0000000709e00000, 0x0000000709e00000| Untracked 
| 129|0x0000000709f00000, 0x0000000709f00000, 0x000000070a000000|  0%| F|  |TAMS 0x0000000709f00000, 0x0000000709f00000| Untracked 
| 130|0x000000070a000000, 0x000000070a000000, 0x000000070a100000|  0%| F|  |TAMS 0x000000070a000000, 0x000000070a000000| Untracked 
| 131|0x000000070a100000, 0x000000070a100000, 0x000000070a200000|  0%| F|  |TAMS 0x000000070a100000, 0x000000070a100000| Untracked 
| 132|0x000000070a200000, 0x000000070a200000, 0x000000070a300000|  0%| F|  |TAMS 0x000000070a200000, 0x000000070a200000| Untracked 
| 133|0x000000070a300000, 0x000000070a300000, 0x000000070a400000|  0%| F|  |TAMS 0x000000070a300000, 0x000000070a300000| Untracked 
| 134|0x000000070a400000, 0x000000070a400000, 0x000000070a500000|  0%| F|  |TAMS 0x000000070a400000, 0x000000070a400000| Untracked 
| 135|0x000000070a500000, 0x000000070a500000, 0x000000070a600000|  0%| F|  |TAMS 0x000000070a500000, 0x000000070a500000| Untracked 
| 136|0x000000070a600000, 0x000000070a600000, 0x000000070a700000|  0%| F|  |TAMS 0x000000070a600000, 0x000000070a600000| Untracked 
| 137|0x000000070a700000, 0x000000070a700000, 0x000000070a800000|  0%| F|  |TAMS 0x000000070a700000, 0x000000070a700000| Untracked 
| 138|0x000000070a800000, 0x000000070a800000, 0x000000070a900000|  0%| F|  |TAMS 0x000000070a800000, 0x000000070a800000| Untracked 
| 139|0x000000070a900000, 0x000000070a900000, 0x000000070aa00000|  0%| F|  |TAMS 0x000000070a900000, 0x000000070a900000| Untracked 
| 140|0x000000070aa00000, 0x000000070aa00000, 0x000000070ab00000|  0%| F|  |TAMS 0x000000070aa00000, 0x000000070aa00000| Untracked 
| 141|0x000000070ab00000, 0x000000070ab00000, 0x000000070ac00000|  0%| F|  |TAMS 0x000000070ab00000, 0x000000070ab00000| Untracked 
| 142|0x000000070ac00000, 0x000000070ac00000, 0x000000070ad00000|  0%| F|  |TAMS 0x000000070ac00000, 0x000000070ac00000| Untracked 
| 143|0x000000070ad00000, 0x000000070ad00000, 0x000000070ae00000|  0%| F|  |TAMS 0x000000070ad00000, 0x000000070ad00000| Untracked 
| 144|0x000000070ae00000, 0x000000070ae00000, 0x000000070af00000|  0%| F|  |TAMS 0x000000070ae00000, 0x000000070ae00000| Untracked 
| 145|0x000000070af00000, 0x000000070af00000, 0x000000070b000000|  0%| F|  |TAMS 0x000000070af00000, 0x000000070af00000| Untracked 
| 146|0x000000070b000000, 0x000000070b000000, 0x000000070b100000|  0%| F|  |TAMS 0x000000070b000000, 0x000000070b000000| Untracked 
| 147|0x000000070b100000, 0x000000070b100000, 0x000000070b200000|  0%| F|  |TAMS 0x000000070b100000, 0x000000070b100000| Untracked 
| 148|0x000000070b200000, 0x000000070b200000, 0x000000070b300000|  0%| F|  |TAMS 0x000000070b200000, 0x000000070b200000| Untracked 
| 149|0x000000070b300000, 0x000000070b300000, 0x000000070b400000|  0%| F|  |TAMS 0x000000070b300000, 0x000000070b300000| Untracked 
| 150|0x000000070b400000, 0x000000070b400000, 0x000000070b500000|  0%| F|  |TAMS 0x000000070b400000, 0x000000070b400000| Untracked 
| 151|0x000000070b500000, 0x000000070b500000, 0x000000070b600000|  0%| F|  |TAMS 0x000000070b500000, 0x000000070b500000| Untracked 
| 152|0x000000070b600000, 0x000000070b600000, 0x000000070b700000|  0%| F|  |TAMS 0x000000070b600000, 0x000000070b600000| Untracked 
| 153|0x000000070b700000, 0x000000070b700000, 0x000000070b800000|  0%| F|  |TAMS 0x000000070b700000, 0x000000070b700000| Untracked 
| 154|0x000000070b800000, 0x000000070b800000, 0x000000070b900000|  0%| F|  |TAMS 0x000000070b800000, 0x000000070b800000| Untracked 
| 155|0x000000070b900000, 0x000000070b900000, 0x000000070ba00000|  0%| F|  |TAMS 0x000000070b900000, 0x000000070b900000| Untracked 
| 156|0x000000070ba00000, 0x000000070ba00000, 0x000000070bb00000|  0%| F|  |TAMS 0x000000070ba00000, 0x000000070ba00000| Untracked 
| 157|0x000000070bb00000, 0x000000070bb00000, 0x000000070bc00000|  0%| F|  |TAMS 0x000000070bb00000, 0x000000070bb00000| Untracked 
| 158|0x000000070bc00000, 0x000000070bc00000, 0x000000070bd00000|  0%| F|  |TAMS 0x000000070bc00000, 0x000000070bc00000| Untracked 
| 159|0x000000070bd00000, 0x000000070bd00000, 0x000000070be00000|  0%| F|  |TAMS 0x000000070bd00000, 0x000000070bd00000| Untracked 
| 160|0x000000070be00000, 0x000000070be00000, 0x000000070bf00000|  0%| F|  |TAMS 0x000000070be00000, 0x000000070be00000| Untracked 
| 161|0x000000070bf00000, 0x000000070bf00000, 0x000000070c000000|  0%| F|  |TAMS 0x000000070bf00000, 0x000000070bf00000| Untracked 
| 162|0x000000070c000000, 0x000000070c000000, 0x000000070c100000|  0%| F|  |TAMS 0x000000070c000000, 0x000000070c000000| Untracked 
| 163|0x000000070c100000, 0x000000070c100000, 0x000000070c200000|  0%| F|  |TAMS 0x000000070c100000, 0x000000070c100000| Untracked 
| 164|0x000000070c200000, 0x000000070c200000, 0x000000070c300000|  0%| F|  |TAMS 0x000000070c200000, 0x000000070c200000| Untracked 
| 165|0x000000070c300000, 0x000000070c300000, 0x000000070c400000|  0%| F|  |TAMS 0x000000070c300000, 0x000000070c300000| Untracked 
| 166|0x000000070c400000, 0x000000070c400000, 0x000000070c500000|  0%| F|  |TAMS 0x000000070c400000, 0x000000070c400000| Untracked 
| 167|0x000000070c500000, 0x000000070c500000, 0x000000070c600000|  0%| F|  |TAMS 0x000000070c500000, 0x000000070c500000| Untracked 
| 168|0x000000070c600000, 0x000000070c600000, 0x000000070c700000|  0%| F|  |TAMS 0x000000070c600000, 0x000000070c600000| Untracked 
| 169|0x000000070c700000, 0x000000070c700000, 0x000000070c800000|  0%| F|  |TAMS 0x000000070c700000, 0x000000070c700000| Untracked 
| 170|0x000000070c800000, 0x000000070c800000, 0x000000070c900000|  0%| F|  |TAMS 0x000000070c800000, 0x000000070c800000| Untracked 
| 171|0x000000070c900000, 0x000000070c900000, 0x000000070ca00000|  0%| F|  |TAMS 0x000000070c900000, 0x000000070c900000| Untracked 
| 172|0x000000070ca00000, 0x000000070ca00000, 0x000000070cb00000|  0%| F|  |TAMS 0x000000070ca00000, 0x000000070ca00000| Untracked 
| 173|0x000000070cb00000, 0x000000070cb00000, 0x000000070cc00000|  0%| F|  |TAMS 0x000000070cb00000, 0x000000070cb00000| Untracked 
| 174|0x000000070cc00000, 0x000000070cc00000, 0x000000070cd00000|  0%| F|  |TAMS 0x000000070cc00000, 0x000000070cc00000| Untracked 
| 175|0x000000070cd00000, 0x000000070cd00000, 0x000000070ce00000|  0%| F|  |TAMS 0x000000070cd00000, 0x000000070cd00000| Untracked 
| 176|0x000000070ce00000, 0x000000070ce00000, 0x000000070cf00000|  0%| F|  |TAMS 0x000000070ce00000, 0x000000070ce00000| Untracked 
| 177|0x000000070cf00000, 0x000000070cf00000, 0x000000070d000000|  0%| F|  |TAMS 0x000000070cf00000, 0x000000070cf00000| Untracked 
| 178|0x000000070d000000, 0x000000070d000000, 0x000000070d100000|  0%| F|  |TAMS 0x000000070d000000, 0x000000070d000000| Untracked 
| 179|0x000000070d100000, 0x000000070d100000, 0x000000070d200000|  0%| F|  |TAMS 0x000000070d100000, 0x000000070d100000| Untracked 
| 180|0x000000070d200000, 0x000000070d200000, 0x000000070d300000|  0%| F|  |TAMS 0x000000070d200000, 0x000000070d200000| Untracked 
| 181|0x000000070d300000, 0x000000070d300000, 0x000000070d400000|  0%| F|  |TAMS 0x000000070d300000, 0x000000070d300000| Untracked 
| 182|0x000000070d400000, 0x000000070d400000, 0x000000070d500000|  0%| F|  |TAMS 0x000000070d400000, 0x000000070d400000| Untracked 
| 183|0x000000070d500000, 0x000000070d500000, 0x000000070d600000|  0%| F|  |TAMS 0x000000070d500000, 0x000000070d500000| Untracked 
| 184|0x000000070d600000, 0x000000070d600000, 0x000000070d700000|  0%| F|  |TAMS 0x000000070d600000, 0x000000070d600000| Untracked 
| 185|0x000000070d700000, 0x000000070d700000, 0x000000070d800000|  0%| F|  |TAMS 0x000000070d700000, 0x000000070d700000| Untracked 
| 186|0x000000070d800000, 0x000000070d800000, 0x000000070d900000|  0%| F|  |TAMS 0x000000070d800000, 0x000000070d800000| Untracked 
| 187|0x000000070d900000, 0x000000070d900000, 0x000000070da00000|  0%| F|  |TAMS 0x000000070d900000, 0x000000070d900000| Untracked 
| 188|0x000000070da00000, 0x000000070da00000, 0x000000070db00000|  0%| F|  |TAMS 0x000000070da00000, 0x000000070da00000| Untracked 
| 189|0x000000070db00000, 0x000000070db00000, 0x000000070dc00000|  0%| F|  |TAMS 0x000000070db00000, 0x000000070db00000| Untracked 
| 190|0x000000070dc00000, 0x000000070dc00000, 0x000000070dd00000|  0%| F|  |TAMS 0x000000070dc00000, 0x000000070dc00000| Untracked 
| 191|0x000000070dd00000, 0x000000070dd00000, 0x000000070de00000|  0%| F|  |TAMS 0x000000070dd00000, 0x000000070dd00000| Untracked 
| 192|0x000000070de00000, 0x000000070de00000, 0x000000070df00000|  0%| F|  |TAMS 0x000000070de00000, 0x000000070de00000| Untracked 
| 193|0x000000070df00000, 0x000000070df00000, 0x000000070e000000|  0%| F|  |TAMS 0x000000070df00000, 0x000000070df00000| Untracked 
| 194|0x000000070e000000, 0x000000070e000000, 0x000000070e100000|  0%| F|  |TAMS 0x000000070e000000, 0x000000070e000000| Untracked 
| 195|0x000000070e100000, 0x000000070e100000, 0x000000070e200000|  0%| F|  |TAMS 0x000000070e100000, 0x000000070e100000| Untracked 
| 196|0x000000070e200000, 0x000000070e200000, 0x000000070e300000|  0%| F|  |TAMS 0x000000070e200000, 0x000000070e200000| Untracked 
| 197|0x000000070e300000, 0x000000070e300000, 0x000000070e400000|  0%| F|  |TAMS 0x000000070e300000, 0x000000070e300000| Untracked 
| 198|0x000000070e400000, 0x000000070e400000, 0x000000070e500000|  0%| F|  |TAMS 0x000000070e400000, 0x000000070e400000| Untracked 
| 199|0x000000070e500000, 0x000000070e500000, 0x000000070e600000|  0%| F|  |TAMS 0x000000070e500000, 0x000000070e500000| Untracked 
| 200|0x000000070e600000, 0x000000070e600000, 0x000000070e700000|  0%| F|  |TAMS 0x000000070e600000, 0x000000070e600000| Untracked 
| 201|0x000000070e700000, 0x000000070e700000, 0x000000070e800000|  0%| F|  |TAMS 0x000000070e700000, 0x000000070e700000| Untracked 
| 202|0x000000070e800000, 0x000000070e800000, 0x000000070e900000|  0%| F|  |TAMS 0x000000070e800000, 0x000000070e800000| Untracked 
| 203|0x000000070e900000, 0x000000070e900000, 0x000000070ea00000|  0%| F|  |TAMS 0x000000070e900000, 0x000000070e900000| Untracked 
| 204|0x000000070ea00000, 0x000000070ea00000, 0x000000070eb00000|  0%| F|  |TAMS 0x000000070ea00000, 0x000000070ea00000| Untracked 
| 205|0x000000070eb00000, 0x000000070eb00000, 0x000000070ec00000|  0%| F|  |TAMS 0x000000070eb00000, 0x000000070eb00000| Untracked 
| 206|0x000000070ec00000, 0x000000070ec00000, 0x000000070ed00000|  0%| F|  |TAMS 0x000000070ec00000, 0x000000070ec00000| Untracked 
| 207|0x000000070ed00000, 0x000000070ed00000, 0x000000070ee00000|  0%| F|  |TAMS 0x000000070ed00000, 0x000000070ed00000| Untracked 
| 208|0x000000070ee00000, 0x000000070ee00000, 0x000000070ef00000|  0%| F|  |TAMS 0x000000070ee00000, 0x000000070ee00000| Untracked 
| 209|0x000000070ef00000, 0x000000070ef00000, 0x000000070f000000|  0%| F|  |TAMS 0x000000070ef00000, 0x000000070ef00000| Untracked 
| 210|0x000000070f000000, 0x000000070f000000, 0x000000070f100000|  0%| F|  |TAMS 0x000000070f000000, 0x000000070f000000| Untracked 
| 211|0x000000070f100000, 0x000000070f100000, 0x000000070f200000|  0%| F|  |TAMS 0x000000070f100000, 0x000000070f100000| Untracked 
| 212|0x000000070f200000, 0x000000070f200000, 0x000000070f300000|  0%| F|  |TAMS 0x000000070f200000, 0x000000070f200000| Untracked 
| 213|0x000000070f300000, 0x000000070f300000, 0x000000070f400000|  0%| F|  |TAMS 0x000000070f300000, 0x000000070f300000| Untracked 
| 214|0x000000070f400000, 0x000000070f400000, 0x000000070f500000|  0%| F|  |TAMS 0x000000070f400000, 0x000000070f400000| Untracked 
| 215|0x000000070f500000, 0x000000070f500000, 0x000000070f600000|  0%| F|  |TAMS 0x000000070f500000, 0x000000070f500000| Untracked 
| 216|0x000000070f600000, 0x000000070f600000, 0x000000070f700000|  0%| F|  |TAMS 0x000000070f600000, 0x000000070f600000| Untracked 
| 217|0x000000070f700000, 0x000000070f700000, 0x000000070f800000|  0%| F|  |TAMS 0x000000070f700000, 0x000000070f700000| Untracked 
| 218|0x000000070f800000, 0x000000070f800000, 0x000000070f900000|  0%| F|  |TAMS 0x000000070f800000, 0x000000070f800000| Untracked 
| 219|0x000000070f900000, 0x000000070f900000, 0x000000070fa00000|  0%| F|  |TAMS 0x000000070f900000, 0x000000070f900000| Untracked 
| 220|0x000000070fa00000, 0x000000070fa00000, 0x000000070fb00000|  0%| F|  |TAMS 0x000000070fa00000, 0x000000070fa00000| Untracked 
| 221|0x000000070fb00000, 0x000000070fb00000, 0x000000070fc00000|  0%| F|  |TAMS 0x000000070fb00000, 0x000000070fb00000| Untracked 
| 222|0x000000070fc00000, 0x000000070fc00000, 0x000000070fd00000|  0%| F|  |TAMS 0x000000070fc00000, 0x000000070fc00000| Untracked 
| 223|0x000000070fd00000, 0x000000070fd00000, 0x000000070fe00000|  0%| F|  |TAMS 0x000000070fd00000, 0x000000070fd00000| Untracked 
| 224|0x000000070fe00000, 0x000000070fe00000, 0x000000070ff00000|  0%| F|  |TAMS 0x000000070fe00000, 0x000000070fe00000| Untracked 
| 225|0x000000070ff00000, 0x000000070ff00000, 0x0000000710000000|  0%| F|  |TAMS 0x000000070ff00000, 0x000000070ff00000| Untracked 
| 226|0x0000000710000000, 0x0000000710000000, 0x0000000710100000|  0%| F|  |TAMS 0x0000000710000000, 0x0000000710000000| Untracked 
| 227|0x0000000710100000, 0x0000000710100000, 0x0000000710200000|  0%| F|  |TAMS 0x0000000710100000, 0x0000000710100000| Untracked 
| 228|0x0000000710200000, 0x0000000710200000, 0x0000000710300000|  0%| F|  |TAMS 0x0000000710200000, 0x0000000710200000| Untracked 
| 229|0x0000000710300000, 0x0000000710300000, 0x0000000710400000|  0%| F|  |TAMS 0x0000000710300000, 0x0000000710300000| Untracked 
| 230|0x0000000710400000, 0x0000000710400000, 0x0000000710500000|  0%| F|  |TAMS 0x0000000710400000, 0x0000000710400000| Untracked 
| 231|0x0000000710500000, 0x0000000710500000, 0x0000000710600000|  0%| F|  |TAMS 0x0000000710500000, 0x0000000710500000| Untracked 
| 232|0x0000000710600000, 0x0000000710600000, 0x0000000710700000|  0%| F|  |TAMS 0x0000000710600000, 0x0000000710600000| Untracked 
| 233|0x0000000710700000, 0x0000000710700000, 0x0000000710800000|  0%| F|  |TAMS 0x0000000710700000, 0x0000000710700000| Untracked 
| 234|0x0000000710800000, 0x0000000710800000, 0x0000000710900000|  0%| F|  |TAMS 0x0000000710800000, 0x0000000710800000| Untracked 
| 235|0x0000000710900000, 0x0000000710900000, 0x0000000710a00000|  0%| F|  |TAMS 0x0000000710900000, 0x0000000710900000| Untracked 
| 236|0x0000000710a00000, 0x0000000710a00000, 0x0000000710b00000|  0%| F|  |TAMS 0x0000000710a00000, 0x0000000710a00000| Untracked 
| 237|0x0000000710b00000, 0x0000000710b00000, 0x0000000710c00000|  0%| F|  |TAMS 0x0000000710b00000, 0x0000000710b00000| Untracked 
| 238|0x0000000710c00000, 0x0000000710c00000, 0x0000000710d00000|  0%| F|  |TAMS 0x0000000710c00000, 0x0000000710c00000| Untracked 
| 239|0x0000000710d00000, 0x0000000710d00000, 0x0000000710e00000|  0%| F|  |TAMS 0x0000000710d00000, 0x0000000710d00000| Untracked 
| 240|0x0000000710e00000, 0x0000000710e00000, 0x0000000710f00000|  0%| F|  |TAMS 0x0000000710e00000, 0x0000000710e00000| Untracked 
| 241|0x0000000710f00000, 0x0000000710f00000, 0x0000000711000000|  0%| F|  |TAMS 0x0000000710f00000, 0x0000000710f00000| Untracked 
| 242|0x0000000711000000, 0x0000000711080800, 0x0000000711100000| 50%| E|  |TAMS 0x0000000711000000, 0x0000000711000000| Complete 
| 243|0x0000000711100000, 0x0000000711200000, 0x0000000711200000|100%| E|CS|TAMS 0x0000000711100000, 0x0000000711100000| Complete 
| 244|0x0000000711200000, 0x0000000711300000, 0x0000000711300000|100%| E|CS|TAMS 0x0000000711200000, 0x0000000711200000| Complete 
| 245|0x0000000711300000, 0x0000000711400000, 0x0000000711400000|100%| E|CS|TAMS 0x0000000711300000, 0x0000000711300000| Complete 
| 246|0x0000000711400000, 0x0000000711500000, 0x0000000711500000|100%| E|CS|TAMS 0x0000000711400000, 0x0000000711400000| Complete 
| 247|0x0000000711500000, 0x0000000711600000, 0x0000000711600000|100%| E|CS|TAMS 0x0000000711500000, 0x0000000711500000| Complete 
| 248|0x0000000711600000, 0x0000000711700000, 0x0000000711700000|100%| E|CS|TAMS 0x0000000711600000, 0x0000000711600000| Complete 
| 249|0x0000000711700000, 0x0000000711800000, 0x0000000711800000|100%| E|CS|TAMS 0x0000000711700000, 0x0000000711700000| Complete 
| 250|0x0000000711800000, 0x0000000711900000, 0x0000000711900000|100%| E|CS|TAMS 0x0000000711800000, 0x0000000711800000| Complete 
| 251|0x0000000711900000, 0x00000007119ef750, 0x0000000711a00000| 93%| S|CS|TAMS 0x0000000711900000, 0x0000000711900000| Complete 
| 252|0x0000000711a00000, 0x0000000711b00000, 0x0000000711b00000|100%| S|CS|TAMS 0x0000000711a00000, 0x0000000711a00000| Complete 
| 253|0x0000000711b00000, 0x0000000711c00000, 0x0000000711c00000|100%| S|CS|TAMS 0x0000000711b00000, 0x0000000711b00000| Complete 
| 254|0x0000000711c00000, 0x0000000711d00000, 0x0000000711d00000|100%| E|CS|TAMS 0x0000000711c00000, 0x0000000711c00000| Complete 
| 255|0x0000000711d00000, 0x0000000711e00000, 0x0000000711e00000|100%| E|CS|TAMS 0x0000000711d00000, 0x0000000711d00000| Complete 

Card table byte_map: [0x00000202e23a0000,0x00000202e2ba0000] _byte_map_base: 0x00000202deb91000

Marking Bits (Prev, Next): (CMBitMap*) 0x00000202c9fa3120, (CMBitMap*) 0x00000202c9fa30e8
 Prev Bits: [0x00000202e7330000, 0x00000202eb2b8000)
 Next Bits: [0x00000202e33a0000, 0x00000202e7328000)

Polling page: 0x00000202c7eb0000

Metaspace:

Usage:
  Non-class:     19.89 MB capacity,    19.70 MB (>99%) used,   166.44 KB ( <1%) free+waste,    28.63 KB ( <1%) overhead. 
      Class:      2.41 MB capacity,     2.31 MB ( 96%) used,    95.21 KB (  4%) free+waste,    11.38 KB ( <1%) overhead. 
       Both:     22.30 MB capacity,    22.01 MB ( 99%) used,   261.65 KB (  1%) free+waste,    40.00 KB ( <1%) overhead. 

Virtual space:
  Non-class space:       20.00 MB reserved,      20.00 MB (100%) committed 
      Class space:        1.00 GB reserved,       2.50 MB ( <1%) committed 
             Both:        1.02 GB reserved,      22.50 MB (  2%) committed 

Chunk freelists:
   Non-Class:  44.00 KB
       Class:  28.00 KB
        Both:  72.00 KB

MaxMetaspaceSize: 17179869184.00 GB
CompressedClassSpaceSize: 1.00 GB

CodeHeap 'non-profiled nmethods': size=120000Kb used=760Kb max_used=760Kb free=119239Kb
 bounds [0x00000202da110000, 0x00000202da380000, 0x00000202e1640000]
CodeHeap 'profiled nmethods': size=120000Kb used=3688Kb max_used=3688Kb free=116311Kb
 bounds [0x00000202d2be0000, 0x00000202d2f80000, 0x00000202da110000]
CodeHeap 'non-nmethods': size=5760Kb used=1146Kb max_used=1163Kb free=4613Kb
 bounds [0x00000202d2640000, 0x00000202d28b0000, 0x00000202d2be0000]
 total_blobs=2216 nmethods=1739 adapters=389
 compilation: enabled
              stopped_count=0, restarted_count=0
 full_count=0

Compilation events (20 events):
Event: 1.699 Thread 0x00000202ee976000 nmethod 1703 0x00000202d2f67c90 code [0x00000202d2f67e60, 0x00000202d2f68068]
Event: 1.701 Thread 0x00000202ee973800 nmethod 1668 0x00000202da1c0c90 code [0x00000202da1c1020, 0x00000202da1c29b8]
Event: 1.701 Thread 0x00000202ee973800 1699 %     4       org.sqlite.SQLiteJDBCLoader::contentsEquals @ 37 (78 bytes)
Event: 1.705 Thread 0x00000202ef8de800 nmethod 1688 0x00000202da1c3710 code [0x00000202da1c38e0, 0x00000202da1c3e68]
Event: 1.706 Thread 0x00000202ee976000 1704       3       java.util.HashMap::remove (26 bytes)
Event: 1.706 Thread 0x00000202ee973800 nmethod 1699% 0x00000202da1c4390 code [0x00000202da1c4560, 0x00000202da1c4fa8]
Event: 1.707 Thread 0x00000202ee976000 nmethod 1704 0x00000202d2f68110 code [0x00000202d2f68300, 0x00000202d2f68658]
Event: 1.710 Thread 0x00000202f0206000 nmethod 1682% 0x00000202da1c5290 code [0x00000202da1c5500, 0x00000202da1c6b00]
Event: 1.717 Thread 0x00000202ee976000 1705       3       java.lang.invoke.MemberName$Factory::resolveOrFail (53 bytes)
Event: 1.717 Thread 0x00000202ee976000 nmethod 1705 0x00000202d2f68790 code [0x00000202d2f689c0, 0x00000202d2f690b8]
Event: 1.718 Thread 0x00000202ee976000 1706       3       java.nio.CharBuffer::arrayOffset (35 bytes)
Event: 1.719 Thread 0x00000202ee976000 nmethod 1706 0x00000202d2f69310 code [0x00000202d2f694e0, 0x00000202d2f697b8]
Event: 1.720 Thread 0x00000202ee976000 1707       3       java.util.regex.Matcher::start (22 bytes)
Event: 1.720 Thread 0x00000202ee976000 nmethod 1707 0x00000202d2f69910 code [0x00000202d2f69ae0, 0x00000202d2f69ce8]
Event: 1.720 Thread 0x00000202ee976000 1708       3       java.util.HashMap::afterNodeRemoval (1 bytes)
Event: 1.720 Thread 0x00000202ee976000 nmethod 1708 0x00000202d2f69d90 code [0x00000202d2f69f40, 0x00000202d2f6a038]
Event: 1.720 Thread 0x00000202ee976000 1709       3       java.util.HashSet::remove (20 bytes)
Event: 1.720 Thread 0x00000202ee976000 nmethod 1709 0x00000202d2f6a110 code [0x00000202d2f6a300, 0x00000202d2f6a7b8]
Event: 1.720 Thread 0x00000202ee976000 1710       3       java.nio.charset.CoderResult::isUnderflow (13 bytes)
Event: 1.720 Thread 0x00000202ee976000 nmethod 1710 0x00000202d2f6a990 code [0x00000202d2f6ab40, 0x00000202d2f6ac98]

GC Heap History (6 events):
Event: 0.593 GC heap before
{Heap before GC invocations=0 (full 0):
 garbage-first heap   total 262144K, used 23552K [0x0000000701e00000, 0x0000000800000000)
  region size 1024K, 24 young (24576K), 0 survivors (0K)
 Metaspace       used 12005K, capacity 12183K, committed 12416K, reserved 1060864K
  class space    used 1101K, capacity 1139K, committed 1152K, reserved 1048576K
}
Event: 0.597 GC heap after
{Heap after GC invocations=1 (full 0):
 garbage-first heap   total 262144K, used 6227K [0x0000000701e00000, 0x0000000800000000)
  region size 1024K, 3 young (3072K), 3 survivors (3072K)
 Metaspace       used 12005K, capacity 12183K, committed 12416K, reserved 1060864K
  class space    used 1101K, capacity 1139K, committed 1152K, reserved 1048576K
}
Event: 1.404 GC heap before
{Heap before GC invocations=1 (full 0):
 garbage-first heap   total 262144K, used 27731K [0x0000000701e00000, 0x0000000800000000)
  region size 1024K, 24 young (24576K), 3 survivors (3072K)
 Metaspace       used 20141K, capacity 20383K, committed 20608K, reserved 1067008K
  class space    used 2094K, capacity 2164K, committed 2176K, reserved 1048576K
}
Event: 1.407 GC heap after
{Heap after GC invocations=2 (full 0):
 garbage-first heap   total 262144K, used 9327K [0x0000000701e00000, 0x0000000800000000)
  region size 1024K, 3 young (3072K), 3 survivors (3072K)
 Metaspace       used 20141K, capacity 20383K, committed 20608K, reserved 1067008K
  class space    used 2094K, capacity 2164K, committed 2176K, reserved 1048576K
}
Event: 1.530 GC heap before
{Heap before GC invocations=2 (full 0):
 garbage-first heap   total 262144K, used 10351K [0x0000000701e00000, 0x0000000800000000)
  region size 1024K, 5 young (5120K), 3 survivors (3072K)
 Metaspace       used 20949K, capacity 21192K, committed 21248K, reserved 1069056K
  class space    used 2172K, capacity 2262K, committed 2304K, reserved 1048576K
}
Event: 1.538 GC heap after
{Heap after GC invocations=3 (full 0):
 garbage-first heap   total 262144K, used 9560K [0x0000000701e00000, 0x0000000800000000)
  region size 1024K, 3 young (3072K), 3 survivors (3072K)
 Metaspace       used 20949K, capacity 21192K, committed 21248K, reserved 1069056K
  class space    used 2172K, capacity 2262K, committed 2304K, reserved 1048576K
}

Deoptimization events (20 events):
Event: 1.524 Thread 0x00000202c9f3f000 DEOPT PACKING pc=0x00000202d2f05c99 sp=0x000000ae4c2fdbb0
Event: 1.524 Thread 0x00000202c9f3f000 DEOPT UNPACKING pc=0x00000202d266705e sp=0x000000ae4c2fd038 mode 0
Event: 1.527 Thread 0x00000202c9f3f000 DEOPT PACKING pc=0x00000202d2e786c0 sp=0x000000ae4c2fdc50
Event: 1.527 Thread 0x00000202c9f3f000 DEOPT UNPACKING pc=0x00000202d266705e sp=0x000000ae4c2fd168 mode 0
Event: 1.540 Thread 0x00000202c9f3f000 Uncommon trap: trap_request=0xffffff4d fr.pc=0x00000202da18de28 relative=0x0000000000000268
Event: 1.540 Thread 0x00000202c9f3f000 Uncommon trap: reason=unstable_if action=reinterpret pc=0x00000202da18de28 method=java.util.concurrent.ConcurrentHashMap.get(Ljava/lang/Object;)Ljava/lang/Object; @ 76 c2
Event: 1.540 Thread 0x00000202c9f3f000 DEOPT PACKING pc=0x00000202da18de28 sp=0x000000ae4c2fead0
Event: 1.540 Thread 0x00000202c9f3f000 DEOPT UNPACKING pc=0x00000202d26668af sp=0x000000ae4c2fea48 mode 2
Event: 1.577 Thread 0x00000202c9f3f000 DEOPT PACKING pc=0x00000202d2e786c0 sp=0x000000ae4c2fb850
Event: 1.577 Thread 0x00000202c9f3f000 DEOPT UNPACKING pc=0x00000202d266705e sp=0x000000ae4c2fad68 mode 0
Event: 1.656 Thread 0x00000202c9f3f000 DEOPT PACKING pc=0x00000202d2e786c0 sp=0x000000ae4c2fc0d0
Event: 1.656 Thread 0x00000202c9f3f000 DEOPT UNPACKING pc=0x00000202d266705e sp=0x000000ae4c2fb5e8 mode 0
Event: 1.664 Thread 0x00000202c9f3f000 Uncommon trap: trap_request=0xffffffc6 fr.pc=0x00000202da1a8818 relative=0x00000000000007d8
Event: 1.664 Thread 0x00000202c9f3f000 Uncommon trap: reason=bimorphic_or_optimized_type_check action=maybe_recompile pc=0x00000202da1a8818 method=java.util.regex.Pattern$Start.match(Ljava/util/regex/Matcher;ILjava/lang/CharSequence;)Z @ 44 c2
Event: 1.664 Thread 0x00000202c9f3f000 DEOPT PACKING pc=0x00000202da1a8818 sp=0x000000ae4c2fe830
Event: 1.664 Thread 0x00000202c9f3f000 DEOPT UNPACKING pc=0x00000202d26668af sp=0x000000ae4c2fe770 mode 2
Event: 1.667 Thread 0x00000202c9f3f000 Uncommon trap: trap_request=0xffffffc6 fr.pc=0x00000202da1a8818 relative=0x00000000000007d8
Event: 1.667 Thread 0x00000202c9f3f000 Uncommon trap: reason=bimorphic_or_optimized_type_check action=maybe_recompile pc=0x00000202da1a8818 method=java.util.regex.Pattern$Start.match(Ljava/util/regex/Matcher;ILjava/lang/CharSequence;)Z @ 44 c2
Event: 1.667 Thread 0x00000202c9f3f000 DEOPT PACKING pc=0x00000202da1a8818 sp=0x000000ae4c2fe7b0
Event: 1.667 Thread 0x00000202c9f3f000 DEOPT UNPACKING pc=0x00000202d26668af sp=0x000000ae4c2fe6f0 mode 2

Classes redefined (0 events):
No events

Internal exceptions (10 events):
Event: 0.327 Thread 0x00000202c9f3f000 Exception <a 'java/lang/NoClassDefFoundError'{0x0000000711615b10}: org/slf4j/impl/StaticLoggerBinder> (0x0000000711615b10) thrown at [./src/hotspot/share/classfile/systemDictionary.cpp, line 220]
Event: 0.561 Thread 0x00000202c9f3f000 Exception <a 'java/lang/NoClassDefFoundError'{0x0000000710668358}: org/apache/log4j/Priority> (0x0000000710668358) thrown at [./src/hotspot/share/classfile/systemDictionary.cpp, line 220]
Event: 0.628 Thread 0x00000202c9f3f000 Exception <a 'java/lang/NoSuchMethodError'{0x0000000711c8c608}: 'java.lang.Object java.lang.invoke.DirectMethodHandle$Holder.invokeStaticInit(java.lang.Object, int, int, int, int)'> (0x0000000711c8c608) thrown at [./src/hotspot/share/interpreter/linkResolver.cpp, line 773]
Event: 0.629 Thread 0x00000202c9f3f000 Exception <a 'sun/nio/fs/WindowsException'{0x0000000711c92760}> (0x0000000711c92760) thrown at [./src/hotspot/share/prims/jni.cpp, line 615]
Event: 0.630 Thread 0x00000202c9f3f000 Exception <a 'java/lang/NoSuchMethodError'{0x0000000711c943f0}: 'int java.lang.invoke.DirectMethodHandle$Holder.invokeSpecialIFC(java.lang.Object, java.lang.Object, int)'> (0x0000000711c943f0) thrown at [./src/hotspot/share/interpreter/linkResolver.cpp, line 773]
Event: 0.638 Thread 0x00000202c9f3f000 Exception <a 'java/lang/NoSuchMethodError'{0x0000000711cc0e60}: 'int java.lang.invoke.DirectMethodHandle$Holder.invokeStaticInit(java.lang.Object, java.lang.Object, java.lang.Object, java.lang.Object)'> (0x0000000711cc0e60) thrown at [./src/hotspot/share/interpreter/linkResolver.cpp, line 773]
Event: 0.639 Thread 0x00000202c9f3f000 Exception <a 'java/lang/IncompatibleClassChangeError'{0x0000000711ccb0a0}: Found class java.lang.Object, but interface was expected> (0x0000000711ccb0a0) thrown at [./src/hotspot/share/interpreter/linkResolver.cpp, line 839]
Event: 0.640 Thread 0x00000202c9f3f000 Exception <a 'java/lang/NoSuchMethodError'{0x0000000711cce350}: 'void java.lang.invoke.DirectMethodHandle$Holder.invokeStaticInit(java.lang.Object, java.lang.Object)'> (0x0000000711cce350) thrown at [./src/hotspot/share/interpreter/linkResolver.cpp, line 773]
Event: 0.641 Thread 0x00000202c9f3f000 Exception <a 'java/lang/NoSuchMethodError'{0x0000000711cd4038}: 'int java.lang.invoke.DirectMethodHandle$Holder.invokeStaticInit(java.lang.Object, java.lang.Object)'> (0x0000000711cd4038) thrown at [./src/hotspot/share/interpreter/linkResolver.cpp, line 773]
Event: 0.907 Thread 0x00000202c9f3f000 Exception <a 'java/lang/NoSuchMethodError'{0x00000007114c3a30}: 'java.lang.Object java.lang.invoke.DirectMethodHandle$Holder.invokeStaticInit(java.lang.Object, java.lang.Object, int, int, int, int)'> (0x00000007114c3a30) thrown at [./src/hotspot/share/interpreter/linkResolver.cpp, line 773]

Events (20 events):
Event: 1.719 Executing VM operation: RevokeBias
Event: 1.719 Executing VM operation: RevokeBias done
Event: 1.720 loading class java/util/concurrent/atomic/AtomicReferenceFieldUpdater
Event: 1.720 loading class java/util/concurrent/atomic/AtomicReferenceFieldUpdater done
Event: 1.720 loading class java/util/concurrent/atomic/AtomicReferenceFieldUpdater$AtomicReferenceFieldUpdaterImpl
Event: 1.721 loading class java/util/concurrent/atomic/AtomicReferenceFieldUpdater$AtomicReferenceFieldUpdaterImpl done
Event: 1.721 loading class java/util/concurrent/atomic/AtomicReferenceFieldUpdater$AtomicReferenceFieldUpdaterImpl$1
Event: 1.721 loading class java/util/concurrent/atomic/AtomicReferenceFieldUpdater$AtomicReferenceFieldUpdaterImpl$1 done
Event: 1.721 Executing VM operation: RevokeBias
Event: 1.721 Executing VM operation: RevokeBias done
Event: 1.721 Executing VM operation: RevokeBias
Event: 1.721 Executing VM operation: RevokeBias done
Event: 1.721 Executing VM operation: RevokeBias
Event: 1.721 Executing VM operation: RevokeBias done
Event: 1.721 Executing VM operation: RevokeBias
Event: 1.721 Executing VM operation: RevokeBias done
Event: 1.721 Executing VM operation: RevokeBias
Event: 1.721 Executing VM operation: RevokeBias done
Event: 1.721 Executing VM operation: RevokeBias
Event: 1.721 Executing VM operation: RevokeBias done


Dynamic libraries:
0x00007ff61b740000 - 0x00007ff61b74d000 	C:\Program Files\AdoptOpenJDK\jdk-11.0.11.9-hotspot\bin\java.exe
0x00007ffbc9490000 - 0x00007ffbc9685000 	C:\Windows\SYSTEM32\ntdll.dll
0x00007ffbc92d0000 - 0x00007ffbc938d000 	C:\Windows\System32\KERNEL32.DLL
0x00007ffbc6ee0000 - 0x00007ffbc71a8000 	C:\Windows\System32\KERNELBASE.dll
0x00007ffbc6c80000 - 0x00007ffbc6d80000 	C:\Windows\System32\ucrtbase.dll
0x00007ffbc1d50000 - 0x00007ffbc1d67000 	C:\Program Files\AdoptOpenJDK\jdk-11.0.11.9-hotspot\bin\jli.dll
0x00007ffbc1d30000 - 0x00007ffbc1d45000 	C:\Program Files\AdoptOpenJDK\jdk-11.0.11.9-hotspot\bin\VCRUNTIME140.dll
0x00007ffbc8050000 - 0x00007ffbc81f0000 	C:\Windows\System32\USER32.dll
0x00007ffbc7410000 - 0x00007ffbc7432000 	C:\Windows\System32\win32u.dll
0x00007ffbb28b0000 - 0x00007ffbb2b4a000 	C:\Windows\WinSxS\amd64_microsoft.windows.common-controls_6595b64144ccf1df_6.0.19041.844_none_ca00b6081b84eb1d\COMCTL32.dll
0x00007ffbc7650000 - 0x00007ffbc767a000 	C:\Windows\System32\GDI32.dll
0x00007ffbc7e90000 - 0x00007ffbc7f2e000 	C:\Windows\System32\msvcrt.dll
0x00007ffbc7300000 - 0x00007ffbc740b000 	C:\Windows\System32\gdi32full.dll
0x00007ffbc7260000 - 0x00007ffbc72fd000 	C:\Windows\System32\msvcp_win.dll
0x00007ffbc9390000 - 0x00007ffbc93c0000 	C:\Windows\System32\IMM32.DLL
0x00007ffba3960000 - 0x00007ffba39fb000 	C:\Program Files\AdoptOpenJDK\jdk-11.0.11.9-hotspot\bin\msvcp140.dll
0x00007ffb5be80000 - 0x00007ffb5c9cb000 	C:\Program Files\AdoptOpenJDK\jdk-11.0.11.9-hotspot\bin\server\jvm.dll
0x00007ffbc7dd0000 - 0x00007ffbc7e7c000 	C:\Windows\System32\ADVAPI32.dll
0x00007ffbc7550000 - 0x00007ffbc75eb000 	C:\Windows\System32\sechost.dll
0x00007ffbc8e80000 - 0x00007ffbc8fab000 	C:\Windows\System32\RPCRT4.dll
0x00007ffbc7e80000 - 0x00007ffbc7e88000 	C:\Windows\System32\PSAPI.DLL
0x00007ffbb43d0000 - 0x00007ffbb43f7000 	C:\Windows\SYSTEM32\WINMM.dll
0x00007ffbc1d20000 - 0x00007ffbc1d29000 	C:\Windows\SYSTEM32\WSOCK32.dll
0x00007ffbbf0c0000 - 0x00007ffbbf0ca000 	C:\Windows\SYSTEM32\VERSION.dll
0x00007ffbc8c10000 - 0x00007ffbc8c7b000 	C:\Windows\System32\WS2_32.dll
0x00007ffbc54a0000 - 0x00007ffbc54b2000 	C:\Windows\SYSTEM32\kernel.appcore.dll
0x00007ffbc1d10000 - 0x00007ffbc1d20000 	C:\Program Files\AdoptOpenJDK\jdk-11.0.11.9-hotspot\bin\verify.dll
0x00007ffbc4a10000 - 0x00007ffbc4bf4000 	C:\Windows\SYSTEM32\DBGHELP.DLL
0x00007ffbb4b20000 - 0x00007ffbb4b4c000 	C:\Windows\SYSTEM32\dbgcore.DLL
0x00007ffbc7470000 - 0x00007ffbc74f0000 	C:\Windows\System32\bcryptPrimitives.dll
0x00007ffbaf090000 - 0x00007ffbaf0b8000 	C:\Program Files\AdoptOpenJDK\jdk-11.0.11.9-hotspot\bin\java.dll
0x00007ffbc1ce0000 - 0x00007ffbc1cea000 	C:\Program Files\AdoptOpenJDK\jdk-11.0.11.9-hotspot\bin\jimage.dll
0x00007ffbaf070000 - 0x00007ffbaf087000 	C:\Program Files\AdoptOpenJDK\jdk-11.0.11.9-hotspot\bin\zip.dll
0x00007ffbc7680000 - 0x00007ffbc7dc2000 	C:\Windows\System32\SHELL32.dll
0x00007ffbc4cf0000 - 0x00007ffbc5481000 	C:\Windows\SYSTEM32\windows.storage.dll
0x00007ffbc81f0000 - 0x00007ffbc8545000 	C:\Windows\System32\combase.dll
0x00007ffbc6640000 - 0x00007ffbc666c000 	C:\Windows\SYSTEM32\Wldp.dll
0x00007ffbc90f0000 - 0x00007ffbc919e000 	C:\Windows\System32\SHCORE.dll
0x00007ffbc74f0000 - 0x00007ffbc7545000 	C:\Windows\System32\shlwapi.dll
0x00007ffbc6b10000 - 0x00007ffbc6b2f000 	C:\Windows\SYSTEM32\profapi.dll
0x00007ffba5050000 - 0x00007ffba5069000 	C:\Program Files\AdoptOpenJDK\jdk-11.0.11.9-hotspot\bin\net.dll
0x00007ffbb5b40000 - 0x00007ffbb5c4b000 	C:\Windows\SYSTEM32\WINHTTP.dll
0x00007ffbc63b0000 - 0x00007ffbc641a000 	C:\Windows\system32\mswsock.dll
0x00007ffba5030000 - 0x00007ffba5042000 	C:\Program Files\AdoptOpenJDK\jdk-11.0.11.9-hotspot\bin\nio.dll
0x00007ffba4be0000 - 0x00007ffba4c05000 	C:\Program Files\AdoptOpenJDK\jdk-11.0.11.9-hotspot\bin\sunec.dll
0x00007ffbc6580000 - 0x00007ffbc6598000 	C:\Windows\SYSTEM32\CRYPTSP.dll
0x00007ffbc5ce0000 - 0x00007ffbc5d14000 	C:\Windows\system32\rsaenh.dll
0x00007ffbc7440000 - 0x00007ffbc7467000 	C:\Windows\System32\bcrypt.dll
0x00007ffbc6ad0000 - 0x00007ffbc6afe000 	C:\Windows\SYSTEM32\USERENV.dll
0x00007ffbc65a0000 - 0x00007ffbc65ac000 	C:\Windows\SYSTEM32\CRYPTBASE.dll
0x00007ffbc6050000 - 0x00007ffbc608b000 	C:\Windows\SYSTEM32\IPHLPAPI.DLL
0x00007ffbc8fb0000 - 0x00007ffbc8fb8000 	C:\Windows\System32\NSI.dll
0x00007ffbbd550000 - 0x00007ffbbd567000 	C:\Windows\SYSTEM32\dhcpcsvc6.DLL
0x00007ffbbf0d0000 - 0x00007ffbbf0ed000 	C:\Windows\SYSTEM32\dhcpcsvc.DLL
0x00007ffbc6090000 - 0x00007ffbc615c000 	C:\Windows\SYSTEM32\DNSAPI.dll
0x00007ffbb4d10000 - 0x00007ffbb4d1a000 	C:\Windows\System32\rasadhlp.dll
0x00007ffbb5ac0000 - 0x00007ffbb5b3f000 	C:\Windows\System32\fwpuclnt.dll
0x00007ffbc1cd0000 - 0x00007ffbc1cde000 	C:\Program Files\AdoptOpenJDK\jdk-11.0.11.9-hotspot\bin\sunmscapi.dll
0x00007ffbc6d80000 - 0x00007ffbc6edf000 	C:\Windows\System32\CRYPT32.dll
0x00007ffbc66b0000 - 0x00007ffbc66d7000 	C:\Windows\SYSTEM32\ncrypt.dll
0x00007ffbc6670000 - 0x00007ffbc66ab000 	C:\Windows\SYSTEM32\NTASN1.dll
0x0000000067740000 - 0x0000000067818000 	C:\Users\batik\AppData\Local\Temp\sqlite-3.34.0-ce7f613c-9282-4265-9098-ae06f9d272f7-sqlitejdbc.dll

dbghelp: loaded successfully - version: 4.0.5 - missing functions: none
symbol engine: initialized successfully - sym options: 0x614 - pdb path: .;C:\Program Files\AdoptOpenJDK\jdk-11.0.11.9-hotspot\bin;C:\Windows\SYSTEM32;C:\Windows\WinSxS\amd64_microsoft.windows.common-controls_6595b64144ccf1df_6.0.19041.844_none_ca00b6081b84eb1d;C:\Program Files\AdoptOpenJDK\jdk-11.0.11.9-hotspot\bin\server;C:\Users\batik\AppData\Local\Temp

VM Arguments:
jvm_args: -Dfile.encoding=UTF-8 
java_command: upnotify_bot.Main
java_class_path (initial): F:\5-repositories\upnotify_bot\upnotify-bot\target\classes;C:\Users\batik\.vscode\extensions\redhat.java-0.79.2\server\plugins\org.junit_4.13.0.v20200204-1500.jar;C:\Users\batik\.vscode\extensions\redhat.java-0.79.2\server\plugins\org.hamcrest.core_1.3.0.v20180420-1519.jar;C:\Users\batik\.m2\repository\org\telegram\telegrambots\5.1.1\telegrambots-5.1.1.jar;C:\Users\batik\.m2\repository\org\telegram\telegrambots-meta\5.1.1\telegrambots-meta-5.1.1.jar;C:\Users\batik\.m2\repository\com\google\guava\guava\30.0-jre\guava-30.0-jre.jar;C:\Users\batik\.m2\repository\com\google\guava\failureaccess\1.0.1\failureaccess-1.0.1.jar;C:\Users\batik\.m2\repository\com\google\guava\listenablefuture\9999.0-empty-to-avoid-conflict-with-guava\listenablefuture-9999.0-empty-to-avoid-conflict-with-guava.jar;C:\Users\batik\.m2\repository\com\google\code\findbugs\jsr305\3.0.2\jsr305-3.0.2.jar;C:\Users\batik\.m2\repository\org\checkerframework\checker-qual\3.5.0\checker-qual-3.5.0.jar;C:\Users\batik\.m2\repository\com\google\errorprone\error_prone_annotations\2.3.4\error_prone_annotations-2.3.4.jar;C:\Users\batik\.m2\repository\com\google\j2objc\j2objc-annotations\1.3\j2objc-annotations-1.3.jar;C:\Users\batik\.m2\repository\com\fasterxml\jackson\core\jackson-annotations\2.11.3\jackson-annotations-2.11.3.jar;C:\Users\batik\.m2\repository\com\fasterxml\jackson\jaxrs\jackson-jaxrs-json-provider\2.11.3\jackson-jaxrs-json-provider-2.11.3.jar;C:\Users\batik\.m2\repository\com\fasterxml\jackson\jaxrs\jackson-jaxrs-base\2.11.3\jackson-jaxrs-base-2.11.3.jar;C:\Users\batik\.m2\repository\com\fasterxml\jackson\module\jackson-module-jaxb-annotations\2.11.3\jackson-module-jaxb-annotations-2.11.3.jar;C:\Users\batik\.m2\repository\com\fasterxml\jackson\core\jackson-core\2.11.3\jackson-core-2.11.3.jar;C:\Users\batik\.m2\repository\jakarta\xml\bind\jakarta.xml.bind-api\2.3.2\jakarta.xml.bind-api-2.3.2.jar;C:\Users\batik\.m2\repository\jakarta\activation\jakarta.activation-api\1.2.
Launcher Type: SUN_STANDARD

[Global flags]
     intx CICompilerCount                          = 4                                         {product} {ergonomic}
     uint ConcGCThreads                            = 3                                         {product} {ergonomic}
     uint G1ConcRefinementThreads                  = 10                                        {product} {ergonomic}
   size_t G1HeapRegionSize                         = 1048576                                   {product} {ergonomic}
    uintx GCDrainStackTargetSize                   = 64                                        {product} {ergonomic}
   size_t InitialHeapSize                          = 268435456                                 {product} {ergonomic}
   size_t MarkStackSize                            = 4194304                                   {product} {ergonomic}
   size_t MaxHeapSize                              = 4263510016                                {product} {ergonomic}
   size_t MaxNewSize                               = 2557476864                                {product} {ergonomic}
   size_t MinHeapDeltaBytes                        = 1048576                                   {product} {ergonomic}
    uintx NonNMethodCodeHeapSize                   = 5836300                                {pd product} {ergonomic}
    uintx NonProfiledCodeHeapSize                  = 122910970                              {pd product} {ergonomic}
    uintx ProfiledCodeHeapSize                     = 122910970                              {pd product} {ergonomic}
    uintx ReservedCodeCacheSize                    = 251658240                              {pd product} {ergonomic}
     bool SegmentedCodeCache                       = true                                      {product} {ergonomic}
     bool UseCompressedClassPointers               = true                                 {lp64_product} {ergonomic}
     bool UseCompressedOops                        = true                                 {lp64_product} {ergonomic}
     bool UseG1GC                                  = true                                      {product} {ergonomic}
     bool UseLargePagesIndividualAllocation        = false                                  {pd product} {ergonomic}

Logging:
Log output configuration:
 #0: stdout all=warning uptime,level,tags
 #1: stderr all=off uptime,level,tags

Environment Variables:
PATH=C:\Windows\system32;C:\Windows;C:\Windows\System32\Wbem;C:\Windows\System32\WindowsPowerShell\v1.0\;C:\Windows\System32\OpenSSH\;C:\Program Files\Git\cmd;C:\Users\batik\AppData\Local\Microsoft\WindowsApps;;D:\Microsoft VS Code\bin
USERNAME=batik
LANG=en_GB.UTF-8
OS=Windows_NT
PROCESSOR_IDENTIFIER=Intel64 Family 6 Model 158 Stepping 10, GenuineIntel



---------------  S Y S T E M  ---------------

OS: Windows 10 , 64 bit Build 19041 (10.0.19041.928)
OS uptime: 0 days 5:31 hours

CPU:total 12 (initial active 12) (6 cores per cpu, 2 threads per core) family 6 model 158 stepping 10 microcode 0xb4, cmov, cx8, fxsr, mmx, sse, sse2, sse3, ssse3, sse4.1, sse4.2, popcnt, avx, avx2, aes, clmul, erms, 3dnowpref, lzcnt, ht, tsc, tscinvbit, bmi1, bmi2, adx, fma

Memory: 4k page, system-wide physical 16257M (7092M free)
TotalPageFile size 18689M (AvailPageFile size 5003M)
current process WorkingSet (physical memory assigned to process): 123M, peak: 123M
current process commit charge ("private bytes"): 393M, peak: 393M

vm_info: OpenJDK 64-Bit Server VM (11.0.11+9) for windows-amd64 JRE (11.0.11+9), built on Apr 20 2021 21:22:09 by "" with MS VC++ 15.9 (VS2017)

END.
